<?xml version="1.0" encoding="UTF-8"?>
<!-- Generated by org.testng.reporters.JUnitReportReporter -->
<testsuite hostname="LAPTOP-7DSGQN1K" failures="0" tests="2" name="tesNG_Practice2.Class" time="0.009" errors="0" timestamp="2022-02-20T18:36:20 IST" skipped="0">
  <testcase classname="tesNG_Practice2.Class" name="main" time="0.007"/>
  <system-out/>
  <testcase classname="tesNG_Practice2.Class" name="main2" time="0.002"/>
  <system-out/>
</testsuite> <!-- tesNG_Practice2.Class -->
