<?xml version="1.0" encoding="UTF-8"?>
<!-- Generated by org.testng.reporters.JUnitReportReporter -->
<testsuite hostname="LAPTOP-7DSGQN1K" failures="0" tests="1" name="testNG.Class1" time="0.012" errors="0" timestamp="2021-12-18T18:35:56 IST" skipped="0">
  <testcase classname="testNG.Class1" name="abhay" time="0.012"/>
  <system-out/>
</testsuite> <!-- testNG.Class1 -->
