<?xml version="1.0" encoding="UTF-8"?>
<!-- Generated by org.testng.reporters.JUnitReportReporter -->
<testsuite hostname="LAPTOP-7DSGQN1K" failures="0" tests="1" name="testNG.Groups" time="0.012" errors="0" timestamp="2021-12-18T19:45:14 IST" skipped="0">
  <testcase classname="testNG.Groups" name="Group2" time="0.012"/>
  <system-out/>
</testsuite> <!-- testNG.Groups -->
